生成启动时间为 2018/8/25 21:11:04。
     1>项目“C:\Users\zyy\source\pipe\pipe.vcxproj”在节点 2 上(Build 个目标)。
       项目文件包含 ToolsVersion="15.0"。此工具集可能未知或缺失。在这种情况下，通过安装 MSBuild 的正确版本，或许可以解决此问题。否则，该 build 可能已因策略原因而被强制为某个特定 ToolsVersion。将该项目视为其已具有 ToolsVersion="4.0"。有关详细信息，请参阅 http://go.microsoft.com/fwlink/?LinkId=291333。
     1>ClCompile:
         C:\Program Files (x86)\Microsoft Visual Studio 11.0\VC\bin\CL.exe /c /I"C:\Users\zyy\source\systemc-2.3.2\src" /Zi /nologo /W1 /WX- /O2 /Oi /Oy- /GL /D WIN32 /D NDEBUG /D _CONSOLE /D _UNICODE /D UNICODE /Gm- /EHsc /MTd /GS /Gy /fp:precise /Zc:wchar_t /Zc:forScope /GR /Fo"Release\\" /Fd"Release\vc110.pdb" /Gd /TP /analyze- /errorReport:prompt /vmg  /D_CRT_SECURE_NO_DEPRECATE main.cpp
         main.cpp
     1>C:\Users\zyy\source\systemc-2.3.2\src\sysc/packages/boost/utility/string_view.hpp : warning C4819: 该文件包含不能在当前代码页(936)中表示的字符。请将该文件保存为 Unicode 格式以防止数据丢失
     1>c:\users\zyy\source\systemc-2.3.2\src\sysc/packages/boost/utility/enable_if.hpp : warning C4819: 该文件包含不能在当前代码页(936)中表示的字符。请将该文件保存为 Unicode 格式以防止数据丢失
       Link:
         C:\Program Files (x86)\Microsoft Visual Studio 11.0\VC\bin\link.exe /ERRORREPORT:PROMPT /OUT:"C:\Users\zyy\source\pipe\Release\pipe.exe" /INCREMENTAL:NO /NOLOGO /LIBPATH:"C:\Users\zyy\source\systemc-2.3.2\msvc10\SystemC\Release" SystemC.lib kernel32.lib user32.lib gdi32.lib winspool.lib comdlg32.lib advapi32.lib shell32.lib ole32.lib oleaut32.lib uuid.lib odbc32.lib odbccp32.lib /NODEFAULTLIB:libcpmt.lib /MANIFEST /MANIFESTUAC:"level='asInvoker' uiAccess='false'" /manifest:embed /DEBUG /PDB:"C:\Users\zyy\source\pipe\Release\pipe.pdb" /SUBSYSTEM:CONSOLE /STACK:"104857600000" /OPT:REF /OPT:ICF /LTCG /TLBID:1 /DYNAMICBASE /NXCOMPAT /IMPLIB:"C:\Users\zyy\source\pipe\Release\pipe.lib" /MACHINE:X86 /SAFESEH Release\main.obj
     1>SystemC.lib(sc_object.obj) : error LNK2038: 检测到“_ITERATOR_DEBUG_LEVEL”的不匹配项: 值“0”不匹配值“2”(main.obj 中)
     1>SystemC.lib(sc_object.obj) : error LNK2038: 检测到“RuntimeLibrary”的不匹配项: 值“MD_DynamicRelease”不匹配值“MTd_StaticDebug”(main.obj 中)
     1>SystemC.lib(sc_event_finder.obj) : error LNK2038: 检测到“_ITERATOR_DEBUG_LEVEL”的不匹配项: 值“0”不匹配值“2”(main.obj 中)
     1>SystemC.lib(sc_event_finder.obj) : error LNK2038: 检测到“RuntimeLibrary”的不匹配项: 值“MD_DynamicRelease”不匹配值“MTd_StaticDebug”(main.obj 中)
     1>SystemC.lib(sc_trace.obj) : error LNK2038: 检测到“_ITERATOR_DEBUG_LEVEL”的不匹配项: 值“0”不匹配值“2”(main.obj 中)
     1>SystemC.lib(sc_trace.obj) : error LNK2038: 检测到“RuntimeLibrary”的不匹配项: 值“MD_DynamicRelease”不匹配值“MTd_StaticDebug”(main.obj 中)
     1>SystemC.lib(sc_vcd_trace.obj) : error LNK2038: 检测到“_ITERATOR_DEBUG_LEVEL”的不匹配项: 值“0”不匹配值“2”(main.obj 中)
     1>SystemC.lib(sc_vcd_trace.obj) : error LNK2038: 检测到“RuntimeLibrary”的不匹配项: 值“MD_DynamicRelease”不匹配值“MTd_StaticDebug”(main.obj 中)
     1>SystemC.lib(sc_clock.obj) : error LNK2038: 检测到“_ITERATOR_DEBUG_LEVEL”的不匹配项: 值“0”不匹配值“2”(main.obj 中)
     1>SystemC.lib(sc_clock.obj) : error LNK2038: 检测到“RuntimeLibrary”的不匹配项: 值“MD_DynamicRelease”不匹配值“MTd_StaticDebug”(main.obj 中)
     1>SystemC.lib(sc_sensitive.obj) : error LNK2038: 检测到“_ITERATOR_DEBUG_LEVEL”的不匹配项: 值“0”不匹配值“2”(main.obj 中)
     1>SystemC.lib(sc_sensitive.obj) : error LNK2038: 检测到“RuntimeLibrary”的不匹配项: 值“MD_DynamicRelease”不匹配值“MTd_StaticDebug”(main.obj 中)
     1>SystemC.lib(sc_simcontext.obj) : error LNK2038: 检测到“_ITERATOR_DEBUG_LEVEL”的不匹配项: 值“0”不匹配值“2”(main.obj 中)
     1>SystemC.lib(sc_simcontext.obj) : error LNK2038: 检测到“RuntimeLibrary”的不匹配项: 值“MD_DynamicRelease”不匹配值“MTd_StaticDebug”(main.obj 中)
     1>SystemC.lib(sc_time.obj) : error LNK2038: 检测到“_ITERATOR_DEBUG_LEVEL”的不匹配项: 值“0”不匹配值“2”(main.obj 中)
     1>SystemC.lib(sc_time.obj) : error LNK2038: 检测到“RuntimeLibrary”的不匹配项: 值“MD_DynamicRelease”不匹配值“MTd_StaticDebug”(main.obj 中)
     1>SystemC.lib(sc_interface.obj) : error LNK2038: 检测到“_ITERATOR_DEBUG_LEVEL”的不匹配项: 值“0”不匹配值“2”(main.obj 中)
     1>SystemC.lib(sc_interface.obj) : error LNK2038: 检测到“RuntimeLibrary”的不匹配项: 值“MD_DynamicRelease”不匹配值“MTd_StaticDebug”(main.obj 中)
     1>SystemC.lib(sc_signal.obj) : error LNK2038: 检测到“_ITERATOR_DEBUG_LEVEL”的不匹配项: 值“0”不匹配值“2”(main.obj 中)
     1>SystemC.lib(sc_signal.obj) : error LNK2038: 检测到“RuntimeLibrary”的不匹配项: 值“MD_DynamicRelease”不匹配值“MTd_StaticDebug”(main.obj 中)
     1>SystemC.lib(sc_utils_ids.obj) : error LNK2038: 检测到“_ITERATOR_DEBUG_LEVEL”的不匹配项: 值“0”不匹配值“2”(main.obj 中)
     1>SystemC.lib(sc_utils_ids.obj) : error LNK2038: 检测到“RuntimeLibrary”的不匹配项: 值“MD_DynamicRelease”不匹配值“MTd_StaticDebug”(main.obj 中)
     1>SystemC.lib(sc_port.obj) : error LNK2038: 检测到“_ITERATOR_DEBUG_LEVEL”的不匹配项: 值“0”不匹配值“2”(main.obj 中)
     1>SystemC.lib(sc_port.obj) : error LNK2038: 检测到“RuntimeLibrary”的不匹配项: 值“MD_DynamicRelease”不匹配值“MTd_StaticDebug”(main.obj 中)
     1>SystemC.lib(sc_event.obj) : error LNK2038: 检测到“_ITERATOR_DEBUG_LEVEL”的不匹配项: 值“0”不匹配值“2”(main.obj 中)
     1>SystemC.lib(sc_event.obj) : error LNK2038: 检测到“RuntimeLibrary”的不匹配项: 值“MD_DynamicRelease”不匹配值“MTd_StaticDebug”(main.obj 中)
     1>SystemC.lib(sc_wait.obj) : error LNK2038: 检测到“_ITERATOR_DEBUG_LEVEL”的不匹配项: 值“0”不匹配值“2”(main.obj 中)
     1>SystemC.lib(sc_wait.obj) : error LNK2038: 检测到“RuntimeLibrary”的不匹配项: 值“MD_DynamicRelease”不匹配值“MTd_StaticDebug”(main.obj 中)
     1>SystemC.lib(sc_process.obj) : error LNK2038: 检测到“_ITERATOR_DEBUG_LEVEL”的不匹配项: 值“0”不匹配值“2”(main.obj 中)
     1>SystemC.lib(sc_process.obj) : error LNK2038: 检测到“RuntimeLibrary”的不匹配项: 值“MD_DynamicRelease”不匹配值“MTd_StaticDebug”(main.obj 中)
     1>SystemC.lib(sc_ver.obj) : error LNK2038: 检测到“_ITERATOR_DEBUG_LEVEL”的不匹配项: 值“0”不匹配值“2”(main.obj 中)
     1>SystemC.lib(sc_ver.obj) : error LNK2038: 检测到“RuntimeLibrary”的不匹配项: 值“MD_DynamicRelease”不匹配值“MTd_StaticDebug”(main.obj 中)
     1>SystemC.lib(sc_prim_channel.obj) : error LNK2038: 检测到“_ITERATOR_DEBUG_LEVEL”的不匹配项: 值“0”不匹配值“2”(main.obj 中)
     1>SystemC.lib(sc_prim_channel.obj) : error LNK2038: 检测到“RuntimeLibrary”的不匹配项: 值“MD_DynamicRelease”不匹配值“MTd_StaticDebug”(main.obj 中)
     1>SystemC.lib(sc_module.obj) : error LNK2038: 检测到“_ITERATOR_DEBUG_LEVEL”的不匹配项: 值“0”不匹配值“2”(main.obj 中)
     1>SystemC.lib(sc_module.obj) : error LNK2038: 检测到“RuntimeLibrary”的不匹配项: 值“MD_DynamicRelease”不匹配值“MTd_StaticDebug”(main.obj 中)
     1>SystemC.lib(sc_signal_ports.obj) : error LNK2038: 检测到“_ITERATOR_DEBUG_LEVEL”的不匹配项: 值“0”不匹配值“2”(main.obj 中)
     1>SystemC.lib(sc_signal_ports.obj) : error LNK2038: 检测到“RuntimeLibrary”的不匹配项: 值“MD_DynamicRelease”不匹配值“MTd_StaticDebug”(main.obj 中)
     1>SystemC.lib(sc_report_handler.obj) : error LNK2038: 检测到“_ITERATOR_DEBUG_LEVEL”的不匹配项: 值“0”不匹配值“2”(main.obj 中)
     1>SystemC.lib(sc_report_handler.obj) : error LNK2038: 检测到“RuntimeLibrary”的不匹配项: 值“MD_DynamicRelease”不匹配值“MTd_StaticDebug”(main.obj 中)
     1>SystemC.lib(sc_module_name.obj) : error LNK2038: 检测到“_ITERATOR_DEBUG_LEVEL”的不匹配项: 值“0”不匹配值“2”(main.obj 中)
     1>SystemC.lib(sc_module_name.obj) : error LNK2038: 检测到“RuntimeLibrary”的不匹配项: 值“MD_DynamicRelease”不匹配值“MTd_StaticDebug”(main.obj 中)
     1>SystemC.lib(sc_attribute.obj) : error LNK2038: 检测到“_ITERATOR_DEBUG_LEVEL”的不匹配项: 值“0”不匹配值“2”(main.obj 中)
     1>SystemC.lib(sc_attribute.obj) : error LNK2038: 检测到“RuntimeLibrary”的不匹配项: 值“MD_DynamicRelease”不匹配值“MTd_StaticDebug”(main.obj 中)
     1>SystemC.lib(sc_mempool.obj) : error LNK2038: 检测到“_ITERATOR_DEBUG_LEVEL”的不匹配项: 值“0”不匹配值“2”(main.obj 中)
     1>SystemC.lib(sc_mempool.obj) : error LNK2038: 检测到“RuntimeLibrary”的不匹配项: 值“MD_DynamicRelease”不匹配值“MTd_StaticDebug”(main.obj 中)
     1>SystemC.lib(sc_object_manager.obj) : error LNK2038: 检测到“_ITERATOR_DEBUG_LEVEL”的不匹配项: 值“0”不匹配值“2”(main.obj 中)
     1>SystemC.lib(sc_object_manager.obj) : error LNK2038: 检测到“RuntimeLibrary”的不匹配项: 值“MD_DynamicRelease”不匹配值“MTd_StaticDebug”(main.obj 中)
     1>SystemC.lib(sc_phase_callback_registry.obj) : error LNK2038: 检测到“_ITERATOR_DEBUG_LEVEL”的不匹配项: 值“0”不匹配值“2”(main.obj 中)
     1>SystemC.lib(sc_phase_callback_registry.obj) : error LNK2038: 检测到“RuntimeLibrary”的不匹配项: 值“MD_DynamicRelease”不匹配值“MTd_StaticDebug”(main.obj 中)
     1>SystemC.lib(sc_hash.obj) : error LNK2038: 检测到“_ITERATOR_DEBUG_LEVEL”的不匹配项: 值“0”不匹配值“2”(main.obj 中)
     1>SystemC.lib(sc_hash.obj) : error LNK2038: 检测到“RuntimeLibrary”的不匹配项: 值“MD_DynamicRelease”不匹配值“MTd_StaticDebug”(main.obj 中)
     1>SystemC.lib(sc_bit.obj) : error LNK2038: 检测到“_ITERATOR_DEBUG_LEVEL”的不匹配项: 值“0”不匹配值“2”(main.obj 中)
     1>SystemC.lib(sc_bit.obj) : error LNK2038: 检测到“RuntimeLibrary”的不匹配项: 值“MD_DynamicRelease”不匹配值“MTd_StaticDebug”(main.obj 中)
     1>SystemC.lib(sc_value_base.obj) : error LNK2038: 检测到“_ITERATOR_DEBUG_LEVEL”的不匹配项: 值“0”不匹配值“2”(main.obj 中)
     1>SystemC.lib(sc_value_base.obj) : error LNK2038: 检测到“RuntimeLibrary”的不匹配项: 值“MD_DynamicRelease”不匹配值“MTd_StaticDebug”(main.obj 中)
     1>SystemC.lib(sc_unsigned.obj) : error LNK2038: 检测到“_ITERATOR_DEBUG_LEVEL”的不匹配项: 值“0”不匹配值“2”(main.obj 中)
     1>SystemC.lib(sc_unsigned.obj) : error LNK2038: 检测到“RuntimeLibrary”的不匹配项: 值“MD_DynamicRelease”不匹配值“MTd_StaticDebug”(main.obj 中)
     1>SystemC.lib(sc_signed.obj) : error LNK2038: 检测到“_ITERATOR_DEBUG_LEVEL”的不匹配项: 值“0”不匹配值“2”(main.obj 中)
     1>SystemC.lib(sc_signed.obj) : error LNK2038: 检测到“RuntimeLibrary”的不匹配项: 值“MD_DynamicRelease”不匹配值“MTd_StaticDebug”(main.obj 中)
     1>SystemC.lib(sc_uint_base.obj) : error LNK2038: 检测到“_ITERATOR_DEBUG_LEVEL”的不匹配项: 值“0”不匹配值“2”(main.obj 中)
     1>SystemC.lib(sc_uint_base.obj) : error LNK2038: 检测到“RuntimeLibrary”的不匹配项: 值“MD_DynamicRelease”不匹配值“MTd_StaticDebug”(main.obj 中)
     1>SystemC.lib(sc_int_base.obj) : error LNK2038: 检测到“_ITERATOR_DEBUG_LEVEL”的不匹配项: 值“0”不匹配值“2”(main.obj 中)
     1>SystemC.lib(sc_int_base.obj) : error LNK2038: 检测到“RuntimeLibrary”的不匹配项: 值“MD_DynamicRelease”不匹配值“MTd_StaticDebug”(main.obj 中)
     1>SystemC.lib(sc_lv_base.obj) : error LNK2038: 检测到“_ITERATOR_DEBUG_LEVEL”的不匹配项: 值“0”不匹配值“2”(main.obj 中)
     1>SystemC.lib(sc_lv_base.obj) : error LNK2038: 检测到“RuntimeLibrary”的不匹配项: 值“MD_DynamicRelease”不匹配值“MTd_StaticDebug”(main.obj 中)
     1>SystemC.lib(sc_bv_base.obj) : error LNK2038: 检测到“_ITERATOR_DEBUG_LEVEL”的不匹配项: 值“0”不匹配值“2”(main.obj 中)
     1>SystemC.lib(sc_bv_base.obj) : error LNK2038: 检测到“RuntimeLibrary”的不匹配项: 值“MD_DynamicRelease”不匹配值“MTd_StaticDebug”(main.obj 中)
     1>SystemC.lib(scfx_mant.obj) : error LNK2038: 检测到“_ITERATOR_DEBUG_LEVEL”的不匹配项: 值“0”不匹配值“2”(main.obj 中)
     1>SystemC.lib(scfx_mant.obj) : error LNK2038: 检测到“RuntimeLibrary”的不匹配项: 值“MD_DynamicRelease”不匹配值“MTd_StaticDebug”(main.obj 中)
     1>SystemC.lib(scfx_rep.obj) : error LNK2038: 检测到“_ITERATOR_DEBUG_LEVEL”的不匹配项: 值“0”不匹配值“2”(main.obj 中)
     1>SystemC.lib(scfx_rep.obj) : error LNK2038: 检测到“RuntimeLibrary”的不匹配项: 值“MD_DynamicRelease”不匹配值“MTd_StaticDebug”(main.obj 中)
     1>SystemC.lib(sc_fxnum.obj) : error LNK2038: 检测到“_ITERATOR_DEBUG_LEVEL”的不匹配项: 值“0”不匹配值“2”(main.obj 中)
     1>SystemC.lib(sc_fxnum.obj) : error LNK2038: 检测到“RuntimeLibrary”的不匹配项: 值“MD_DynamicRelease”不匹配值“MTd_StaticDebug”(main.obj 中)
     1>SystemC.lib(sc_trace_file_base.obj) : error LNK2038: 检测到“_ITERATOR_DEBUG_LEVEL”的不匹配项: 值“0”不匹配值“2”(main.obj 中)
     1>SystemC.lib(sc_trace_file_base.obj) : error LNK2038: 检测到“RuntimeLibrary”的不匹配项: 值“MD_DynamicRelease”不匹配值“MTd_StaticDebug”(main.obj 中)
     1>SystemC.lib(sc_logic.obj) : error LNK2038: 检测到“_ITERATOR_DEBUG_LEVEL”的不匹配项: 值“0”不匹配值“2”(main.obj 中)
     1>SystemC.lib(sc_logic.obj) : error LNK2038: 检测到“RuntimeLibrary”的不匹配项: 值“MD_DynamicRelease”不匹配值“MTd_StaticDebug”(main.obj 中)
     1>SystemC.lib(sc_pq.obj) : error LNK2038: 检测到“_ITERATOR_DEBUG_LEVEL”的不匹配项: 值“0”不匹配值“2”(main.obj 中)
     1>SystemC.lib(sc_pq.obj) : error LNK2038: 检测到“RuntimeLibrary”的不匹配项: 值“MD_DynamicRelease”不匹配值“MTd_StaticDebug”(main.obj 中)
     1>SystemC.lib(sc_spawn_options.obj) : error LNK2038: 检测到“_ITERATOR_DEBUG_LEVEL”的不匹配项: 值“0”不匹配值“2”(main.obj 中)
     1>SystemC.lib(sc_spawn_options.obj) : error LNK2038: 检测到“RuntimeLibrary”的不匹配项: 值“MD_DynamicRelease”不匹配值“MTd_StaticDebug”(main.obj 中)
     1>SystemC.lib(sc_except.obj) : error LNK2038: 检测到“_ITERATOR_DEBUG_LEVEL”的不匹配项: 值“0”不匹配值“2”(main.obj 中)
     1>SystemC.lib(sc_except.obj) : error LNK2038: 检测到“RuntimeLibrary”的不匹配项: 值“MD_DynamicRelease”不匹配值“MTd_StaticDebug”(main.obj 中)
     1>SystemC.lib(sc_report.obj) : error LNK2038: 检测到“_ITERATOR_DEBUG_LEVEL”的不匹配项: 值“0”不匹配值“2”(main.obj 中)
     1>SystemC.lib(sc_report.obj) : error LNK2038: 检测到“RuntimeLibrary”的不匹配项: 值“MD_DynamicRelease”不匹配值“MTd_StaticDebug”(main.obj 中)
     1>SystemC.lib(sc_export.obj) : error LNK2038: 检测到“_ITERATOR_DEBUG_LEVEL”的不匹配项: 值“0”不匹配值“2”(main.obj 中)
     1>SystemC.lib(sc_export.obj) : error LNK2038: 检测到“RuntimeLibrary”的不匹配项: 值“MD_DynamicRelease”不匹配值“MTd_StaticDebug”(main.obj 中)
     1>SystemC.lib(sc_list.obj) : error LNK2038: 检测到“_ITERATOR_DEBUG_LEVEL”的不匹配项: 值“0”不匹配值“2”(main.obj 中)
     1>SystemC.lib(sc_list.obj) : error LNK2038: 检测到“RuntimeLibrary”的不匹配项: 值“MD_DynamicRelease”不匹配值“MTd_StaticDebug”(main.obj 中)
     1>SystemC.lib(sc_method_process.obj) : error LNK2038: 检测到“_ITERATOR_DEBUG_LEVEL”的不匹配项: 值“0”不匹配值“2”(main.obj 中)
     1>SystemC.lib(sc_method_process.obj) : error LNK2038: 检测到“RuntimeLibrary”的不匹配项: 值“MD_DynamicRelease”不匹配值“MTd_StaticDebug”(main.obj 中)
     1>SystemC.lib(sc_reset.obj) : error LNK2038: 检测到“_ITERATOR_DEBUG_LEVEL”的不匹配项: 值“0”不匹配值“2”(main.obj 中)
     1>SystemC.lib(sc_reset.obj) : error LNK2038: 检测到“RuntimeLibrary”的不匹配项: 值“MD_DynamicRelease”不匹配值“MTd_StaticDebug”(main.obj 中)
     1>SystemC.lib(sc_thread_process.obj) : error LNK2038: 检测到“_ITERATOR_DEBUG_LEVEL”的不匹配项: 值“0”不匹配值“2”(main.obj 中)
     1>SystemC.lib(sc_thread_process.obj) : error LNK2038: 检测到“RuntimeLibrary”的不匹配项: 值“MD_DynamicRelease”不匹配值“MTd_StaticDebug”(main.obj 中)
     1>SystemC.lib(sc_cor_fiber.obj) : error LNK2038: 检测到“_ITERATOR_DEBUG_LEVEL”的不匹配项: 值“0”不匹配值“2”(main.obj 中)
     1>SystemC.lib(sc_cor_fiber.obj) : error LNK2038: 检测到“RuntimeLibrary”的不匹配项: 值“MD_DynamicRelease”不匹配值“MTd_StaticDebug”(main.obj 中)
     1>SystemC.lib(sc_module_registry.obj) : error LNK2038: 检测到“_ITERATOR_DEBUG_LEVEL”的不匹配项: 值“0”不匹配值“2”(main.obj 中)
     1>SystemC.lib(sc_module_registry.obj) : error LNK2038: 检测到“RuntimeLibrary”的不匹配项: 值“MD_DynamicRelease”不匹配值“MTd_StaticDebug”(main.obj 中)
     1>SystemC.lib(sc_name_gen.obj) : error LNK2038: 检测到“_ITERATOR_DEBUG_LEVEL”的不匹配项: 值“0”不匹配值“2”(main.obj 中)
     1>SystemC.lib(sc_name_gen.obj) : error LNK2038: 检测到“RuntimeLibrary”的不匹配项: 值“MD_DynamicRelease”不匹配值“MTd_StaticDebug”(main.obj 中)
     1>SystemC.lib(sc_cthread_process.obj) : error LNK2038: 检测到“_ITERATOR_DEBUG_LEVEL”的不匹配项: 值“0”不匹配值“2”(main.obj 中)
     1>SystemC.lib(sc_cthread_process.obj) : error LNK2038: 检测到“RuntimeLibrary”的不匹配项: 值“MD_DynamicRelease”不匹配值“MTd_StaticDebug”(main.obj 中)
     1>SystemC.lib(sc_stop_here.obj) : error LNK2038: 检测到“_ITERATOR_DEBUG_LEVEL”的不匹配项: 值“0”不匹配值“2”(main.obj 中)
     1>SystemC.lib(sc_stop_here.obj) : error LNK2038: 检测到“RuntimeLibrary”的不匹配项: 值“MD_DynamicRelease”不匹配值“MTd_StaticDebug”(main.obj 中)
     1>SystemC.lib(sc_nbutils.obj) : error LNK2038: 检测到“_ITERATOR_DEBUG_LEVEL”的不匹配项: 值“0”不匹配值“2”(main.obj 中)
     1>SystemC.lib(sc_nbutils.obj) : error LNK2038: 检测到“RuntimeLibrary”的不匹配项: 值“MD_DynamicRelease”不匹配值“MTd_StaticDebug”(main.obj 中)
     1>SystemC.lib(sc_nbexterns.obj) : error LNK2038: 检测到“_ITERATOR_DEBUG_LEVEL”的不匹配项: 值“0”不匹配值“2”(main.obj 中)
     1>SystemC.lib(sc_nbexterns.obj) : error LNK2038: 检测到“RuntimeLibrary”的不匹配项: 值“MD_DynamicRelease”不匹配值“MTd_StaticDebug”(main.obj 中)
     1>SystemC.lib(sc_int_mask.obj) : error LNK2038: 检测到“_ITERATOR_DEBUG_LEVEL”的不匹配项: 值“0”不匹配值“2”(main.obj 中)
     1>SystemC.lib(sc_int_mask.obj) : error LNK2038: 检测到“RuntimeLibrary”的不匹配项: 值“MD_DynamicRelease”不匹配值“MTd_StaticDebug”(main.obj 中)
     1>SystemC.lib(scfx_utils.obj) : error LNK2038: 检测到“_ITERATOR_DEBUG_LEVEL”的不匹配项: 值“0”不匹配值“2”(main.obj 中)
     1>SystemC.lib(scfx_utils.obj) : error LNK2038: 检测到“RuntimeLibrary”的不匹配项: 值“MD_DynamicRelease”不匹配值“MTd_StaticDebug”(main.obj 中)
     1>SystemC.lib(scfx_pow10.obj) : error LNK2038: 检测到“_ITERATOR_DEBUG_LEVEL”的不匹配项: 值“0”不匹配值“2”(main.obj 中)
     1>SystemC.lib(scfx_pow10.obj) : error LNK2038: 检测到“RuntimeLibrary”的不匹配项: 值“MD_DynamicRelease”不匹配值“MTd_StaticDebug”(main.obj 中)
     1>SystemC.lib(sc_fxdefs.obj) : error LNK2038: 检测到“_ITERATOR_DEBUG_LEVEL”的不匹配项: 值“0”不匹配值“2”(main.obj 中)
     1>SystemC.lib(sc_fxdefs.obj) : error LNK2038: 检测到“RuntimeLibrary”的不匹配项: 值“MD_DynamicRelease”不匹配值“MTd_StaticDebug”(main.obj 中)
     1>SystemC.lib(sc_fxcast_switch.obj) : error LNK2038: 检测到“_ITERATOR_DEBUG_LEVEL”的不匹配项: 值“0”不匹配值“2”(main.obj 中)
     1>SystemC.lib(sc_fxcast_switch.obj) : error LNK2038: 检测到“RuntimeLibrary”的不匹配项: 值“MD_DynamicRelease”不匹配值“MTd_StaticDebug”(main.obj 中)
     1>SystemC.lib(sc_fxtype_params.obj) : error LNK2038: 检测到“_ITERATOR_DEBUG_LEVEL”的不匹配项: 值“0”不匹配值“2”(main.obj 中)
     1>SystemC.lib(sc_fxtype_params.obj) : error LNK2038: 检测到“RuntimeLibrary”的不匹配项: 值“MD_DynamicRelease”不匹配值“MTd_StaticDebug”(main.obj 中)
     1>SystemC.lib(sc_fxval.obj) : error LNK2038: 检测到“_ITERATOR_DEBUG_LEVEL”的不匹配项: 值“0”不匹配值“2”(main.obj 中)
     1>SystemC.lib(sc_fxval.obj) : error LNK2038: 检测到“RuntimeLibrary”的不匹配项: 值“MD_DynamicRelease”不匹配值“MTd_StaticDebug”(main.obj 中)
     1>SystemC.lib(sc_main.obj) : error LNK2038: 检测到“_ITERATOR_DEBUG_LEVEL”的不匹配项: 值“0”不匹配值“2”(main.obj 中)
     1>SystemC.lib(sc_main.obj) : error LNK2038: 检测到“RuntimeLibrary”的不匹配项: 值“MD_DynamicRelease”不匹配值“MTd_StaticDebug”(main.obj 中)
     1>SystemC.lib(sc_main_main.obj) : error LNK2038: 检测到“_ITERATOR_DEBUG_LEVEL”的不匹配项: 值“0”不匹配值“2”(main.obj 中)
     1>SystemC.lib(sc_main_main.obj) : error LNK2038: 检测到“RuntimeLibrary”的不匹配项: 值“MD_DynamicRelease”不匹配值“MTd_StaticDebug”(main.obj 中)
     1>LINK : warning LNK4098: 默认库“MSVCRT”与其他库的使用冲突；请使用 /NODEFAULTLIB:library
     1>C:\Users\zyy\source\pipe\Release\pipe.exe : fatal error LNK1319: 检测到 128 个不匹配项
     1>已完成生成项目“C:\Users\zyy\source\pipe\pipe.vcxproj”(Build 个目标)的操作 - 失败。

生成失败。

已用时间 00:00:05.43
